2023-10-03 16:52:37,113 root ERROR  Division by zero error.
2023-10-03 16:52:49,825 root ERROR  Division by zero error.
2023-10-03 16:53:34,774 root INFO  in side try block
2023-10-03 16:53:34,774 root ERROR  Division by zero error.
2023-10-03 16:54:32,536 root INFO  in side try block
2023-10-03 16:54:32,536 root ERROR  Division by zero error.
2023-10-03 16:58:41,599 root INFO  in side try block
2023-10-03 16:58:41,600 root ERROR  Division by zero error.
2023-10-03 17:00:35,152 root INFO  in side try block
2023-10-03 17:00:35,152 root ERROR  Division by zero error.
2023-10-03 17:00:35,152 root INFO  (changing the block)---------------------------------------------------------------------------------------------------------------------------------------------------------------------
2023-10-03 17:00:59,032 root INFO  in side try block
2023-10-03 17:00:59,033 root ERROR  Division by zero error.
2023-10-03 17:00:59,034 root INFO  (changing the question)---------------------------------------------------------------------------------------------------------------------------------------------------------------------
2023-10-03 17:02:59,850 root INFO  try block
2023-10-03 17:02:59,850 root INFO  inside divide block
2023-10-03 17:02:59,850 root INFO  (changing the question)---------------------------------------------------------------------------------------------------------------------------------------------------------------------
2023-10-03 17:04:58,048 root INFO  (changing the question)---------------------------------------------------------------------------------------------------------------------------------------------------------------------
2023-10-03 17:05:56,810 root INFO  input was 3
2023-10-03 17:05:56,811 root INFO  (changing the question)---------------------------------------------------------------------------------------------------------------------------------------------------------------------
2023-10-03 17:06:54,990 root INFO  input was 5
2023-10-03 17:06:54,991 root INFO  every thing is fine
2023-10-03 17:06:54,991 root INFO  (changing the question)---------------------------------------------------------------------------------------------------------------------------------------------------------------------
2023-10-03 17:07:22,824 root ERROR  Invalid input. Please enter a valid number
2023-10-03 17:07:22,824 root INFO  (changing the question)---------------------------------------------------------------------------------------------------------------------------------------------------------------------
2023-10-03 17:08:06,290 root INFO  input was 5
2023-10-03 17:08:06,290 root ERROR  Invalid input. Please enter a valid number
2023-10-03 17:08:06,291 root INFO  (changing the question)---------------------------------------------------------------------------------------------------------------------------------------------------------------------
2023-10-03 17:09:26,972 root INFO  (changing the question)---------------------------------------------------------------------------------------------------------------------------------------------------------------------
2023-10-03 17:09:35,607 root INFO  (changing the question)---------------------------------------------------------------------------------------------------------------------------------------------------------------------
2023-10-03 17:09:40,157 root INFO  (changing the question)---------------------------------------------------------------------------------------------------------------------------------------------------------------------
